<?xml version="1.0" encoding="UTF-8"?>
<testsuite xmlns:xsi="http://www.w3.org/2001/XMLSchema-instance" xsi:noNamespaceSchemaLocation="https://maven.apache.org/surefire/maven-surefire-plugin/xsd/surefire-test-report.xsd" version="3.0.2" name="com.zomind.testcase.TestcaseManagementsSystemApplicationTests" time="7.11" tests="1" errors="0" skipped="0" failures="0">
  <properties>
[...]
</properties>
  <testcase name="contextLoads" classname="com.zomind.testcase.TestcaseManagementsSystemApplicationTests" time="0.756">
    <system-out><![CDATA[11:36:49.558 [main] INFO org.springframework.test.context.support.AnnotationConfigContextLoaderUtils -- Could not detect default configuration classes for test class [com.zomind.testcase.TestcaseManagementsSystemApplicationTests]: TestcaseManagementsSystemApplicationTests does not declare any static, non-private, non-final, nested classes annotated with @Configuration.
11:36:49.795 [main] INFO org.springframework.boot.test.context.SpringBootTestContextBootstrapper -- Found @SpringBootConfiguration com.zomind.testcase.TestcaseApplication for test class com.zomind.testcase.TestcaseManagementsSystemApplicationTests
11:36:50.187 [main] INFO org.springframework.boot.devtools.restart.RestartApplicationListener -- Restart disabled due to context in which it is running

  .   ____          _            __ _ _
 /\\ / ___'_ __ _ _(_)_ __  __ _ \ \ \ \
( ( )\___ | '_ | '_| | '_ \/ _` | \ \ \ \
 \\/  ___)| |_)| | | | | || (_| |  ) ) ) )
  '  |____| .__|_| |_|_| |_\__, | / / / /
 =========|_|==============|___/=/_/_/_/

 :: Spring Boot ::                (v3.4.3)

2025-03-21T11:36:50.690+05:30  INFO 7284 --- [Testcase Managements System] [           main] estcaseManagementsSystemApplicationTests : Starting TestcaseManagementsSystemApplicationTests using Java 17.0.11 with PID 7284 (started by Medhansh Sharma in C:\Users\Medhansh Sharma\Desktop\testcase)
2025-03-21T11:36:50.693+05:30  INFO 7284 --- [Testcase Managements System] [           main] estcaseManagementsSystemApplicationTests : No active profile set, falling back to 1 default profile: "default"
2025-03-21T11:36:52.128+05:30  INFO 7284 --- [Testcase Managements System] [           main] .s.d.r.c.RepositoryConfigurationDelegate : Bootstrapping Spring Data MongoDB repositories in DEFAULT mode.
2025-03-21T11:36:52.241+05:30  INFO 7284 --- [Testcase Managements System] [           main] .s.d.r.c.RepositoryConfigurationDelegate : Finished Spring Data repository scanning in 91 ms. Found 1 MongoDB repository interface.
2025-03-21T11:36:53.309+05:30  INFO 7284 --- [Testcase Managements System] [           main] org.mongodb.driver.client                : MongoClient with metadata {"application": {"name": "Testcase-Management"}, "driver": {"name": "mongo-java-driver|sync|spring-boot", "version": "5.2.1"}, "os": {"type": "Windows", "name": "Windows 11", "architecture": "amd64", "version": "10.0"}, "platform": "Java/Oracle Corporation/17.0.11+7-LTS-207"} created with settings MongoClientSettings{readPreference=primary, writeConcern=WriteConcern{w=majority, wTimeout=null ms, journal=null}, retryWrites=true, retryReads=true, readConcern=ReadConcern{level=null}, credential=MongoCredential{mechanism=null, userName='Medhansh_Sharma', source='admin', password=<hidden>, mechanismProperties=<hidden>}, transportSettings=null, commandListeners=[], codecRegistry=ProvidersCodecRegistry{codecProviders=[ValueCodecProvider{}, BsonValueCodecProvider{}, DBRefCodecProvider{}, DBObjectCodecProvider{}, DocumentCodecProvider{}, CollectionCodecProvider{}, IterableCodecProvider{}, MapCodecProvider{}, GeoJsonCodecProvider{}, GridFSFileCodecProvider{}, Jsr310CodecProvider{}, JsonObjectCodecProvider{}, BsonCodecProvider{}, EnumCodecProvider{}, com.mongodb.client.model.mql.ExpressionCodecProvider@536b71b4, com.mongodb.Jep395RecordCodecProvider@789c3057, com.mongodb.KotlinCodecProvider@39941489]}, loggerSettings=LoggerSettings{maxDocumentLength=1000}, clusterSettings={hosts=[127.0.0.1:27017], srvHost=testcase-management.sruh9.mongodb.net, srvServiceName=mongodb, mode=MULTIPLE, requiredClusterType=REPLICA_SET, requiredReplicaSetName='atlas-lygt6q-shard-0', serverSelector='null', clusterListeners='[]', serverSelectionTimeout='30000 ms', localThreshold='15 ms'}, socketSettings=SocketSettings{connectTimeoutMS=10000, readTimeoutMS=0, receiveBufferSize=0, proxySettings=ProxySettings{host=null, port=null, username=null, password=null}}, heartbeatSocketSettings=SocketSettings{connectTimeoutMS=10000, readTimeoutMS=10000, receiveBufferSize=0, proxySettings=ProxySettings{host=null, port=null, username=null, password=null}}, connectionPoolSettings=ConnectionPoolSettings{maxSize=100, minSize=0, maxWaitTimeMS=120000, maxConnectionLifeTimeMS=0, maxConnectionIdleTimeMS=0, maintenanceInitialDelayMS=0, maintenanceFrequencyMS=60000, connectionPoolListeners=[], maxConnecting=2}, serverSettings=ServerSettings{heartbeatFrequencyMS=10000, minHeartbeatFrequencyMS=500, serverMonitoringMode=AUTO, serverListeners='[]', serverMonitorListeners='[]'}, sslSettings=SslSettings{enabled=true, invalidHostNameAllowed=false, context=null}, applicationName='Testcase-Management', compressorList=[], uuidRepresentation=JAVA_LEGACY, serverApi=null, autoEncryptionSettings=null, dnsClient=null, inetAddressResolver=null, contextProvider=null, timeoutMS=null}
2025-03-21T11:36:53.344+05:30  INFO 7284 --- [Testcase Managements System] [uh9.mongodb.net] org.mongodb.driver.cluster               : Adding discovered server testcase-management-shard-00-00.sruh9.mongodb.net:27017 to client view of cluster
2025-03-21T11:36:53.409+05:30  INFO 7284 --- [Testcase Managements System] [uh9.mongodb.net] org.mongodb.driver.cluster               : Adding discovered server testcase-management-shard-00-01.sruh9.mongodb.net:27017 to client view of cluster
2025-03-21T11:36:53.418+05:30  INFO 7284 --- [Testcase Managements System] [uh9.mongodb.net] org.mongodb.driver.cluster               : Adding discovered server testcase-management-shard-00-02.sruh9.mongodb.net:27017 to client view of cluster
2025-03-21T11:36:54.679+05:30  INFO 7284 --- [Testcase Managements System] [ngodb.net:27017] org.mongodb.driver.cluster               : Monitor thread successfully connected to server with description ServerDescription{address=testcase-management-shard-00-02.sruh9.mongodb.net:27017, type=REPLICA_SET_PRIMARY, cryptd=false, state=CONNECTED, ok=true, minWireVersion=0, maxWireVersion=25, maxDocumentSize=16777216, logicalSessionTimeoutMinutes=30, roundTripTimeNanos=573412400, minRoundTripTimeNanos=0, setName='atlas-lygt6q-shard-0', canonicalAddress=testcase-management-shard-00-02.sruh9.mongodb.net:27017, hosts=[testcase-management-shard-00-01.sruh9.mongodb.net:27017, testcase-management-shard-00-00.sruh9.mongodb.net:27017, testcase-management-shard-00-02.sruh9.mongodb.net:27017], passives=[], arbiters=[], primary='testcase-management-shard-00-02.sruh9.mongodb.net:27017', tagSet=TagSet{[Tag{name='availabilityZone', value='aps1-az2'}, Tag{name='diskState', value='READY'}, Tag{name='nodeType', value='ELECTABLE'}, Tag{name='provider', value='AWS'}, Tag{name='region', value='AP_SOUTH_1'}, Tag{name='workloadType', value='OPERATIONAL'}]}, electionId=7fffffff0000000000000020, setVersion=1, topologyVersion=TopologyVersion{processId=67dcebb8329bebc3122fc0b6, counter=6}, lastWriteDate=Fri Mar 21 11:36:48 IST 2025, lastUpdateTimeNanos=2003111898500}
2025-03-21T11:36:54.680+05:30  INFO 7284 --- [Testcase Managements System] [ngodb.net:27017] org.mongodb.driver.cluster               : Monitor thread successfully connected to server with description ServerDescription{address=testcase-management-shard-00-01.sruh9.mongodb.net:27017, type=REPLICA_SET_SECONDARY, cryptd=false, state=CONNECTED, ok=true, minWireVersion=0, maxWireVersion=25, maxDocumentSize=16777216, logicalSessionTimeoutMinutes=30, roundTripTimeNanos=577387900, minRoundTripTimeNanos=0, setName='atlas-lygt6q-shard-0', canonicalAddress=testcase-management-shard-00-01.sruh9.mongodb.net:27017, hosts=[testcase-management-shard-00-01.sruh9.mongodb.net:27017, testcase-management-shard-00-00.sruh9.mongodb.net:27017, testcase-management-shard-00-02.sruh9.mongodb.net:27017], passives=[], arbiters=[], primary='testcase-management-shard-00-02.sruh9.mongodb.net:27017', tagSet=TagSet{[Tag{name='availabilityZone', value='aps1-az3'}, Tag{name='diskState', value='READY'}, Tag{name='nodeType', value='ELECTABLE'}, Tag{name='provider', value='AWS'}, Tag{name='region', value='AP_SOUTH_1'}, Tag{name='workloadType', value='OPERATIONAL'}]}, electionId=null, setVersion=1, topologyVersion=TopologyVersion{processId=67dced19704186f58e2c9391, counter=3}, lastWriteDate=Fri Mar 21 11:36:48 GMT+05:30 2025, lastUpdateTimeNanos=2003113742800}
2025-03-21T11:36:54.682+05:30  INFO 7284 --- [Testcase Managements System] [ngodb.net:27017] org.mongodb.driver.cluster               : Monitor thread successfully connected to server with description ServerDescription{address=testcase-management-shard-00-00.sruh9.mongodb.net:27017, type=REPLICA_SET_SECONDARY, cryptd=false, state=CONNECTED, ok=true, minWireVersion=0, maxWireVersion=25, maxDocumentSize=16777216, logicalSessionTimeoutMinutes=30, roundTripTimeNanos=590522500, minRoundTripTimeNanos=0, setName='atlas-lygt6q-shard-0', canonicalAddress=testcase-management-shard-00-00.sruh9.mongodb.net:27017, hosts=[testcase-management-shard-00-01.sruh9.mongodb.net:27017, testcase-management-shard-00-00.sruh9.mongodb.net:27017, testcase-management-shard-00-02.sruh9.mongodb.net:27017], passives=[], arbiters=[], primary='testcase-management-shard-00-02.sruh9.mongodb.net:27017', tagSet=TagSet{[Tag{name='availabilityZone', value='aps1-az1'}, Tag{name='diskState', value='READY'}, Tag{name='nodeType', value='ELECTABLE'}, Tag{name='provider', value='AWS'}, Tag{name='region', value='AP_SOUTH_1'}, Tag{name='workloadType', value='OPERATIONAL'}]}, electionId=null, setVersion=1, topologyVersion=TopologyVersion{processId=67dcea9346eda10c244ac0ec, counter=4}, lastWriteDate=Fri Mar 21 11:36:48 GMT+05:30 2025, lastUpdateTimeNanos=2003117344800}
2025-03-21T11:36:54.685+05:30  INFO 7284 --- [Testcase Managements System] [ngodb.net:27017] org.mongodb.driver.cluster               : Discovered replica set primary testcase-management-shard-00-02.sruh9.mongodb.net:27017 with max election id 7fffffff0000000000000020 and max set version 1
2025-03-21T11:36:54.847+05:30  INFO 7284 --- [Testcase Managements System] [           main] o.s.v.b.OptionalValidatorFactoryBean     : Failed to set up a Bean Validation provider: jakarta.validation.NoProviderFoundException: Unable to create a Configuration, because no Jakarta Bean Validation provider could be found. Add a provider like Hibernate Validator (RI) to your classpath.
2025-03-21T11:36:55.561+05:30  INFO 7284 --- [Testcase Managements System] [           main] estcaseManagementsSystemApplicationTests : Started TestcaseManagementsSystemApplicationTests in 5.402 seconds (process running for 7.762)
]]></system-out>
  </testcase>
</testsuite>